<?xml version="1.0" encoding="UTF-8"?>
<testsuite name="testsLibraryJSON" tests="5" skipped="0" failures="0" errors="0" timestamp="2023-04-25T15:19:34" hostname="LAPTOP-06D2U8CH" time="0.321">
  <properties/>
  <testcase name="testArrayVerification()" classname="testsLibraryJSON" time="0.039"/>
  <testcase name="testHierarchy()" classname="testsLibraryJSON" time="0.011"/>
  <testcase name="testVerifications()" classname="testsLibraryJSON" time="0.002"/>
  <testcase name="testInference()" classname="testsLibraryJSON" time="0.002"/>
  <testcase name="testSearch()" classname="testsLibraryJSON" time="0.264"/>
  <system-out><![CDATA[]]></system-out>
  <system-err><![CDATA[]]></system-err>
</testsuite>
