<?xml version="1.0" encoding="UTF-8"?>
<testsuite name="testsLibraryJSON" tests="1" skipped="0" failures="0" errors="0" timestamp="2023-04-10T14:26:29" hostname="FONSO" time="0.042">
  <properties/>
  <testcase name="testSearch()" classname="testsLibraryJSON" time="0.042"/>
  <system-out><![CDATA[]]></system-out>
  <system-err><![CDATA[]]></system-err>
</testsuite>
