<?xml version="1.0" encoding="UTF-8"?>
<testsuite name="testsLibraryJSON" tests="1" skipped="0" failures="0" errors="0" timestamp="2023-04-12T17:13:37" hostname="DESKTOP-PIQ1B4V" time="0.443">
  <properties/>
  <testcase name="testInference()" classname="testsLibraryJSON" time="0.443"/>
  <system-out><![CDATA[{
	"uc" : "uc",
	"ects" : 6.0,
	"dataExame" : null,
	"inscritos" : [
		101101,
		"Dave Farley",
		true,
		101102,
		"Martin Fowler",
		true,
		26503,
		"AndrÃ© Santos",
		false
	]
}
]]></system-out>
  <system-err><![CDATA[]]></system-err>
</testsuite>
