<?xml version="1.0" encoding="UTF-8"?>
<testsuite name="testsLibraryJSON" tests="5" skipped="0" failures="0" errors="0" timestamp="2023-04-25T13:17:12" hostname="LAPTOP-06D2U8CH" time="0.845">
  <properties/>
  <testcase name="testArrayVerification()" classname="testsLibraryJSON" time="0.107"/>
  <testcase name="testHierarchy()" classname="testsLibraryJSON" time="0.025"/>
  <testcase name="testVerifications()" classname="testsLibraryJSON" time="0.003"/>
  <testcase name="testInference()" classname="testsLibraryJSON" time="0.005"/>
  <testcase name="testSearch()" classname="testsLibraryJSON" time="0.695"/>
  <system-out><![CDATA[]]></system-out>
  <system-err><![CDATA[]]></system-err>
</testsuite>
